<?xml version="1.0" encoding="UTF-8"?>
<beans xmlns="http://www.springframework.org/schema/beans"
       xmlns:mvc="http://www.springframework.org/schema/mvc"
       xmlns:xsi="http://www.w3.org/2001/XMLSchema-instance"
       xmlns:jdbc="http://www.springframework.org/schema/jdbc"
       xmlns:tx="http://www.springframework.org/schema/tx"
       xsi:schemaLocation="http://www.springframework.org/schema/beans
       http://www.springframework.org/schema/beans/spring-beans-4.0.xsd
       http://www.springframework.org/schema/mvc
       http://www.springframework.org/schema/mvc/spring-mvc-4.0.xsd
       http://www.springframework.org/schema/jdbc
       http://www.springframework.org/schema/jdbc/spring-jdbc-4.0.xsd
       http://www.springframework.org/schema/tx
       http://www.springframework.org/schema/tx/spring-tx-4.0.xsd">

    <bean class="com.epam.pts.training.controller.DogController">
        <property name="dogService" ref="dogService"/>
    </bean>
    <bean id="dogService" class="com.epam.pts.training.service.DogService">
        <property name="dogDao" ref="dogDao"/>
    </bean>
    <bean id="dogDao" class="com.epam.pts.training.dao.DogDaoHibernate">
        <property name="sessionFactory" ref="sessionFactory" />
    </bean>

    <tx:annotation-driven transaction-manager="transactionManager"/>

    <jdbc:embedded-database id="dataSource" type="H2">
        <jdbc:script location="classpath:sql/create-db.sql" />
        <jdbc:script location="classpath:sql/insert-data.sql" />
    </jdbc:embedded-database>

    <bean id="sessionFactory" class="org.springframework.orm.hibernate5.LocalSessionFactoryBean" >
        <property name="dataSource" ref="dataSource"/>
        <property name="mappingResources">
            <list>
                <value>dog.hbm.xml</value>
            </list>
        </property>
        <property name="hibernateProperties">
            <props>
                <prop key="hibernate.dialect">org.hibernate.dialect.H2Dialect</prop>
            </props>
        </property>
    </bean>

    <bean id="transactionManager"  class="org.springframework.orm.hibernate5.HibernateTransactionManager">
        <property name="sessionFactory" ref="sessionFactory" />
    </bean>

    <mvc:annotation-driven />
</beans>